0 info it worked if it ends with ok
1 verbose cli [ 'node', '/usr/local/bin/npm', 'install', '--save', 'underscore' ]
2 info using npm@1.4.28
3 info using node@v0.10.32
4 warn package.json project1@1.0.0 No description
5 warn package.json project1@1.0.0 No repository field.
6 warn package.json project1@1.0.0 No README data
7 warn package.json querystring@0.2.0 querystring is also the name of a node core module.
8 verbose readDependencies using package.json deps
9 verbose cache add [ 'underscore', null ]
10 verbose cache add name=undefined spec="underscore" args=["underscore",null]
11 verbose parsed url { protocol: null,
11 verbose parsed url   slashes: null,
11 verbose parsed url   auth: null,
11 verbose parsed url   host: null,
11 verbose parsed url   port: null,
11 verbose parsed url   hostname: null,
11 verbose parsed url   hash: null,
11 verbose parsed url   search: null,
11 verbose parsed url   query: null,
11 verbose parsed url   pathname: 'underscore',
11 verbose parsed url   path: 'underscore',
11 verbose parsed url   href: 'underscore' }
12 silly lockFile 64bc6893-underscore underscore
13 verbose lock underscore /Users/lauren/.npm/64bc6893-underscore.lock
14 silly lockFile 64bc6893-underscore underscore
15 silly lockFile 64bc6893-underscore underscore
16 verbose addNamed [ 'underscore', '' ]
17 verbose addNamed [ null, '*' ]
18 silly lockFile 7629b758-underscore underscore@
19 verbose lock underscore@ /Users/lauren/.npm/7629b758-underscore.lock
20 silly addNameRange { name: 'underscore', range: '*', hasData: false }
21 verbose request where is /underscore
22 verbose request registry https://registry.npmjs.org/
23 verbose request id 3eace25d58c3a7f2
24 verbose url raw /underscore
25 verbose url resolving [ 'https://registry.npmjs.org/', './underscore' ]
26 verbose url resolved https://registry.npmjs.org/underscore
27 verbose request where is https://registry.npmjs.org/underscore
28 info trying registry request attempt 1 at 14:33:49
29 verbose etag "7UG37DML2EUMKWEC9HASNAXUI"
30 http GET https://registry.npmjs.org/underscore
31 http 200 https://registry.npmjs.org/underscore
32 silly registry.get cb [ 200,
32 silly registry.get   { date: 'Mon, 27 Oct 2014 21:33:50 GMT',
32 silly registry.get     server: 'CouchDB/1.5.0 (Erlang OTP/R16B03)',
32 silly registry.get     etag: '"3U3L3XQXK6N2047DFWI14HFWJ"',
32 silly registry.get     'content-type': 'application/json',
32 silly registry.get     'cache-control': 'max-age=60',
32 silly registry.get     'content-length': '33059',
32 silly registry.get     'accept-ranges': 'bytes',
32 silly registry.get     via: '1.1 varnish',
32 silly registry.get     age: '0',
32 silly registry.get     'x-served-by': 'cache-lax1432-LAX',
32 silly registry.get     'x-cache': 'HIT',
32 silly registry.get     'x-cache-hits': '1',
32 silly registry.get     'x-timer': 'S1414445630.333391,VS0,VE39',
32 silly registry.get     vary: 'Accept',
32 silly registry.get     'keep-alive': 'timeout=10, max=50',
32 silly registry.get     connection: 'Keep-Alive' } ]
33 silly addNameRange number 2 { name: 'underscore', range: '*', hasData: true }
34 silly addNameRange versions [ 'underscore',
34 silly addNameRange   [ '1.0.3',
34 silly addNameRange     '1.0.4',
34 silly addNameRange     '1.1.0',
34 silly addNameRange     '1.1.1',
34 silly addNameRange     '1.1.2',
34 silly addNameRange     '1.1.3',
34 silly addNameRange     '1.1.4',
34 silly addNameRange     '1.1.5',
34 silly addNameRange     '1.1.6',
34 silly addNameRange     '1.1.7',
34 silly addNameRange     '1.2.0',
34 silly addNameRange     '1.2.1',
34 silly addNameRange     '1.2.2',
34 silly addNameRange     '1.2.3',
34 silly addNameRange     '1.2.4',
34 silly addNameRange     '1.3.0',
34 silly addNameRange     '1.3.1',
34 silly addNameRange     '1.3.2',
34 silly addNameRange     '1.3.3',
34 silly addNameRange     '1.4.0',
34 silly addNameRange     '1.4.1',
34 silly addNameRange     '1.4.2',
34 silly addNameRange     '1.4.3',
34 silly addNameRange     '1.4.4',
34 silly addNameRange     '1.5.0',
34 silly addNameRange     '1.5.1',
34 silly addNameRange     '1.5.2',
34 silly addNameRange     '1.6.0',
34 silly addNameRange     '1.7.0' ] ]
35 verbose addNamed [ 'underscore', '1.7.0' ]
36 verbose addNamed [ '1.7.0', '1.7.0' ]
37 silly lockFile 900da168-underscore-1-7-0 underscore@1.7.0
38 verbose lock underscore@1.7.0 /Users/lauren/.npm/900da168-underscore-1-7-0.lock
39 silly lockFile 0bc9860b--underscore-underscore-1-7-0-tgz https://registry.npmjs.org/underscore/-/underscore-1.7.0.tgz
40 verbose lock https://registry.npmjs.org/underscore/-/underscore-1.7.0.tgz /Users/lauren/.npm/0bc9860b--underscore-underscore-1-7-0-tgz.lock
41 verbose addRemoteTarball [ 'https://registry.npmjs.org/underscore/-/underscore-1.7.0.tgz',
41 verbose addRemoteTarball   '6bbaf0877500d36be34ecaa584e0db9fef035209' ]
42 info retry fetch attempt 1 at 14:33:50
43 verbose fetch to= /var/folders/zb/jbdtn8_n687cfbg3gz_6t2k80000gq/T/npm-73646-zsWzryqy/registry.npmjs.org/underscore/-/underscore-1.7.0.tgz
44 http GET https://registry.npmjs.org/underscore/-/underscore-1.7.0.tgz
45 http 200 https://registry.npmjs.org/underscore/-/underscore-1.7.0.tgz
46 silly lockFile 0bc9860b--underscore-underscore-1-7-0-tgz https://registry.npmjs.org/underscore/-/underscore-1.7.0.tgz
47 silly lockFile 0bc9860b--underscore-underscore-1-7-0-tgz https://registry.npmjs.org/underscore/-/underscore-1.7.0.tgz
48 silly lockFile 900da168-underscore-1-7-0 underscore@1.7.0
49 silly lockFile 900da168-underscore-1-7-0 underscore@1.7.0
50 silly lockFile 7629b758-underscore underscore@
51 silly lockFile 7629b758-underscore underscore@
52 error Error: EACCES, mkdir '/Users/lauren/.npm/underscore/1.7.0'
52 error  { [Error: EACCES, mkdir '/Users/lauren/.npm/underscore/1.7.0']
52 error   errno: 3,
52 error   code: 'EACCES',
52 error   path: '/Users/lauren/.npm/underscore/1.7.0',
52 error   parent: 'project1' }
53 error Please try running this command again as root/Administrator.
54 error System Darwin 13.0.0
55 error command "node" "/usr/local/bin/npm" "install" "--save" "underscore"
56 error cwd /Users/lauren/code/project1
57 error node -v v0.10.32
58 error npm -v 1.4.28
59 error path /Users/lauren/.npm/underscore/1.7.0
60 error code EACCES
61 error errno 3
62 error stack Error: EACCES, mkdir '/Users/lauren/.npm/underscore/1.7.0'
63 verbose exit [ 3, true ]
